<?xml version="1.0" encoding="UTF-8" standalone="no"?><testsuites><testsuite errors="0" failures="0" hostname="0146975B1801D008_samsung_GalaxyNexus" name="com.snappydb.sample.tests" tests="18" time="6.3820" timestamp="Wed Dec 18 01:06:10 CET 2013"><properties>
[...]
</properties><testcase classname="com.snappydb.sample.tests.api.BasicOperations" name="testBoolean" time="1.7800"/><testcase classname="com.snappydb.sample.tests.api.BasicOperations" name="testCreateDB" time="0.2080"/><testcase classname="com.snappydb.sample.tests.api.BasicOperations" name="testCreateWithDefaultName" time="0.5690"/><testcase classname="com.snappydb.sample.tests.api.BasicOperations" name="testDelete" time="0.4890"/><testcase classname="com.snappydb.sample.tests.api.BasicOperations" name="testDestroyDB" time="0.1020"/><testcase classname="com.snappydb.sample.tests.api.BasicOperations" name="testDestroyWithoutOpenDB" time="0.0780"/><testcase classname="com.snappydb.sample.tests.api.BasicOperations" name="testDouble" time="0.1560"/><testcase classname="com.snappydb.sample.tests.api.BasicOperations" name="testFloat" time="0.1800"/><testcase classname="com.snappydb.sample.tests.api.BasicOperations" name="testInt" time="0.2820"/><testcase classname="com.snappydb.sample.tests.api.BasicOperations" name="testLong" time="0.4640"/><testcase classname="com.snappydb.sample.tests.api.BasicOperations" name="testNoKey" time="0.3590"/><testcase classname="com.snappydb.sample.tests.api.BasicOperations" name="testOverrideValue" time="0.1800"/><testcase classname="com.snappydb.sample.tests.api.BasicOperations" name="testSerializable" time="0.3080"/><testcase classname="com.snappydb.sample.tests.api.BasicOperations" name="testSerializableArray" time="0.5670"/><testcase classname="com.snappydb.sample.tests.api.BasicOperations" name="testSerializableArrayFail" time="0.2300"/><testcase classname="com.snappydb.sample.tests.api.BasicOperations" name="testShort" time="0.1550"/><testcase classname="com.snappydb.sample.tests.api.BasicOperations" name="testString" time="0.1280"/><testcase classname="com.snappydb.sample.tests.api.BasicOperations" name="testTwoInstance" time="0.0760"/></testsuite></testsuites>